<?xml version="1.0" encoding="UTF-8"?>
<testsuite xmlns:xsi="http://www.w3.org/2001/XMLSchema-instance" xsi:noNamespaceSchemaLocation="https://maven.apache.org/surefire/maven-surefire-plugin/xsd/surefire-test-report.xsd" name="xyz.vusibaloyi.schoolsystem.CafeteriaTest" time="1.103" tests="6" errors="0" skipped="0" failures="0">
  <properties>
    <property name="sun.desktop" value="gnome"/>
    <property name="awt.toolkit" value="sun.awt.X11.XToolkit"/>
    <property name="java.specification.version" value="11"/>
    <property name="sun.cpu.isalist" value=""/>
    <property name="sun.jnu.encoding" value="UTF-8"/>
    <property name="java.class.path" value="/home/vusi/projects/java/schoolsystem/target/test-classes:/home/vusi/projects/java/schoolsystem/target/classes:/home/vusi/.m2/repository/org/mockito/mockito-core/2.25.1/mockito-core-2.25.1.jar:/home/vusi/.m2/repository/net/bytebuddy/byte-buddy/1.9.7/byte-buddy-1.9.7.jar:/home/vusi/.m2/repository/net/bytebuddy/byte-buddy-agent/1.9.7/byte-buddy-agent-1.9.7.jar:/home/vusi/.m2/repository/org/objenesis/objenesis/2.6/objenesis-2.6.jar:/home/vusi/.m2/repository/org/junit/jupiter/junit-jupiter-api/5.4.2/junit-jupiter-api-5.4.2.jar:/home/vusi/.m2/repository/org/apiguardian/apiguardian-api/1.0.0/apiguardian-api-1.0.0.jar:/home/vusi/.m2/repository/org/opentest4j/opentest4j/1.1.1/opentest4j-1.1.1.jar:/home/vusi/.m2/repository/org/junit/platform/junit-platform-commons/1.4.2/junit-platform-commons-1.4.2.jar:/home/vusi/.m2/repository/org/junit/jupiter/junit-jupiter-engine/5.4.2/junit-jupiter-engine-5.4.2.jar:/home/vusi/.m2/repository/org/junit/platform/junit-platform-engine/1.4.2/junit-platform-engine-1.4.2.jar:"/>
    <property name="java.vm.vendor" value="Oracle Corporation"/>
    <property name="sun.arch.data.model" value="64"/>
    <property name="java.vendor.url" value="http://java.oracle.com/"/>
    <property name="user.timezone" value=""/>
    <property name="java.vm.specification.version" value="11"/>
    <property name="os.name" value="Linux"/>
    <property name="sun.java.launcher" value="SUN_STANDARD"/>
    <property name="user.country" value="ZA"/>
    <property name="sun.boot.library.path" value="/usr/lib/jvm/java-11-openjdk-amd64/lib"/>
    <property name="sun.java.command" value="/home/vusi/projects/java/schoolsystem/target/surefire/surefirebooter13747717726584831263.jar /home/vusi/projects/java/schoolsystem/target/surefire 2019-04-25T15-36-54_252-jvmRun1 surefire17883179074665170071tmp surefire_015316942519683601085tmp"/>
    <property name="jdk.debug" value="release"/>
    <property name="surefire.test.class.path" value="/home/vusi/projects/java/schoolsystem/target/test-classes:/home/vusi/projects/java/schoolsystem/target/classes:/home/vusi/.m2/repository/org/mockito/mockito-core/2.25.1/mockito-core-2.25.1.jar:/home/vusi/.m2/repository/net/bytebuddy/byte-buddy/1.9.7/byte-buddy-1.9.7.jar:/home/vusi/.m2/repository/net/bytebuddy/byte-buddy-agent/1.9.7/byte-buddy-agent-1.9.7.jar:/home/vusi/.m2/repository/org/objenesis/objenesis/2.6/objenesis-2.6.jar:/home/vusi/.m2/repository/org/junit/jupiter/junit-jupiter-api/5.4.2/junit-jupiter-api-5.4.2.jar:/home/vusi/.m2/repository/org/apiguardian/apiguardian-api/1.0.0/apiguardian-api-1.0.0.jar:/home/vusi/.m2/repository/org/opentest4j/opentest4j/1.1.1/opentest4j-1.1.1.jar:/home/vusi/.m2/repository/org/junit/platform/junit-platform-commons/1.4.2/junit-platform-commons-1.4.2.jar:/home/vusi/.m2/repository/org/junit/jupiter/junit-jupiter-engine/5.4.2/junit-jupiter-engine-5.4.2.jar:/home/vusi/.m2/repository/org/junit/platform/junit-platform-engine/1.4.2/junit-platform-engine-1.4.2.jar:"/>
    <property name="sun.cpu.endian" value="little"/>
    <property name="user.home" value="/home/vusi"/>
    <property name="user.language" value="en"/>
    <property name="java.specification.vendor" value="Oracle Corporation"/>
    <property name="java.version.date" value="2019-01-15"/>
    <property name="java.home" value="/usr/lib/jvm/java-11-openjdk-amd64"/>
    <property name="file.separator" value="/"/>
    <property name="basedir" value="/home/vusi/projects/java/schoolsystem"/>
    <property name="java.vm.compressedOopsMode" value="32-bit"/>
    <property name="line.separator" value="&#10;"/>
    <property name="java.specification.name" value="Java Platform API Specification"/>
    <property name="java.vm.specification.vendor" value="Oracle Corporation"/>
    <property name="java.awt.graphicsenv" value="sun.awt.X11GraphicsEnvironment"/>
    <property name="surefire.real.class.path" value="/home/vusi/projects/java/schoolsystem/target/surefire/surefirebooter13747717726584831263.jar"/>
    <property name="sun.management.compiler" value="HotSpot 64-Bit Tiered Compilers"/>
    <property name="java.runtime.version" value="11.0.2+9-Ubuntu-3ubuntu118.04.3"/>
    <property name="user.name" value="vusi"/>
    <property name="path.separator" value=":"/>
    <property name="os.version" value="4.18.0-17-generic"/>
    <property name="java.runtime.name" value="OpenJDK Runtime Environment"/>
    <property name="file.encoding" value="UTF-8"/>
    <property name="java.vm.name" value="OpenJDK 64-Bit Server VM"/>
    <property name="localRepository" value="/home/vusi/.m2/repository"/>
    <property name="java.vendor.url.bug" value="http://bugreport.java.com/bugreport/"/>
    <property name="java.io.tmpdir" value="/tmp"/>
    <property name="java.version" value="11.0.2"/>
    <property name="user.dir" value="/home/vusi/projects/java/schoolsystem"/>
    <property name="os.arch" value="amd64"/>
    <property name="java.vm.specification.name" value="Java Virtual Machine Specification"/>
    <property name="java.awt.printerjob" value="sun.print.PSPrinterJob"/>
    <property name="sun.os.patch.level" value="unknown"/>
    <property name="java.library.path" value="/usr/java/packages/lib:/usr/lib/x86_64-linux-gnu/jni:/lib/x86_64-linux-gnu:/usr/lib/x86_64-linux-gnu:/usr/lib/jni:/lib:/usr/lib"/>
    <property name="java.vendor" value="Oracle Corporation"/>
    <property name="java.vm.info" value="mixed mode, sharing"/>
    <property name="java.vm.version" value="11.0.2+9-Ubuntu-3ubuntu118.04.3"/>
    <property name="sun.io.unicode.encoding" value="UnicodeLittle"/>
    <property name="java.class.version" value="55.0"/>
  </properties>
  <testcase name="shouldReturnMessageIfItemNotFoundInStock" classname="xyz.vusibaloyi.schoolsystem.CafeteriaTest" time="1.013"/>
  <testcase name="getCafeteriaRecords" classname="xyz.vusibaloyi.schoolsystem.CafeteriaTest" time="0.013"/>
  <testcase name="getCafeteriaRevenue" classname="xyz.vusibaloyi.schoolsystem.CafeteriaTest" time="0.005"/>
  <testcase name="shouldAllowPersonsToBuyItemsFromCafeteriaIfTokensAreSufficient" classname="xyz.vusibaloyi.schoolsystem.CafeteriaTest" time="0.007"/>
  <testcase name="shouldGive25PercentOffToTeacherWith5Lessons" classname="xyz.vusibaloyi.schoolsystem.CafeteriaTest" time="0.059"/>
  <testcase name="shouldNotAllowPersonsBuyItemsFromCafeteriaIfTokensAreSufficient" classname="xyz.vusibaloyi.schoolsystem.CafeteriaTest" time="0.003"/>
</testsuite>